<?xml version="1.0" encoding="UTF-8"?>
<testng-results skipped="0" failed="0" total="1" passed="1">
  <reporter-output>
  </reporter-output>
  <suite name="Default suite" duration-ms="62133" started-at="2017-07-11T22:53:01Z" finished-at="2017-07-11T22:54:03Z">
    <groups>
    </groups>
    <test name="Default test" duration-ms="62133" started-at="2017-07-11T22:53:01Z" finished-at="2017-07-11T22:54:03Z">
      <class name="com.phptravels.Test.somkeTest">
        <test-method status="PASS" signature="start()[pri:0, instance:com.phptravels.Test.somkeTest@60c6f5b]" name="start" is-config="true" duration-ms="12457" started-at="2017-07-11T18:53:01Z" finished-at="2017-07-11T18:53:13Z">
          <reporter-output>
          </reporter-output>
        </test-method> <!-- start -->
        <test-method status="PASS" signature="hotel_smokeTesting()[pri:0, instance:com.phptravels.Test.somkeTest@60c6f5b]" name="hotel_smokeTesting" duration-ms="48440" started-at="2017-07-11T18:53:13Z" finished-at="2017-07-11T18:54:02Z">
          <reporter-output>
          </reporter-output>
        </test-method> <!-- hotel_smokeTesting -->
        <test-method status="PASS" signature="teardown()[pri:0, instance:com.phptravels.Test.somkeTest@60c6f5b]" name="teardown" is-config="true" duration-ms="1218" started-at="2017-07-11T18:54:02Z" finished-at="2017-07-11T18:54:03Z">
          <reporter-output>
          </reporter-output>
        </test-method> <!-- teardown -->
      </class> <!-- com.phptravels.Test.somkeTest -->
    </test> <!-- Default test -->
  </suite> <!-- Default suite -->
</testng-results>
